<?xml version="1.0" encoding="UTF-8"?>
<!-- Generated by org.testng.reporters.JUnitXMLReporter -->
<testsuite hostname="LIN60015134" name="Test" tests="10" failures="0" timestamp="30 Sep 2018 04:06:29 GMT" time="0.121" errors="0">
  <testcase name="l" time="0.014" classname="TestSenarios.TestNGClass2"/>
  <testcase name="v" time="0.003" classname="TestSenarios.TestNGClass2"/>
  <testcase name="x" time="0.006" classname="TestSenarios.TestNGClass2"/>
  <testcase name="y" time="0.005" classname="TestSenarios.TestNGClass2"/>
  <testcase name="z" time="0.003" classname="TestSenarios.TestNGClass2"/>
  <testcase name="C" time="0.001" classname="TestSenarios.TestNGClass1"/>
  <testcase name="a" time="0.003" classname="TestSenarios.TestNGClass1">
    <skipped/>
  </testcase> <!-- a -->
  <testcase name="e" time="0.002" classname="TestSenarios.TestNGClass1">
    <skipped/>
  </testcase> <!-- e -->
  <testcase name="f" time="0.0" classname="TestSenarios.TestNGClass1">
    <skipped/>
  </testcase> <!-- f -->
  <testcase name="d" time="0.002" classname="TestSenarios.TestNGClass1">
    <skipped/>
  </testcase> <!-- d -->
</testsuite> <!-- Test -->
