<?xml version="1.0" encoding="UTF-8"?>
<!-- Generated by org.testng.reporters.JUnitReportReporter -->
<testsuite hostname="LIN60015134" name="TestSenarios.TestNGClass2" tests="5" failures="0" timestamp="12 Apr 2019 08:54:47 GMT" time="0.023" errors="0">
  <testcase name="x" time="0.003" classname="TestSenarios.TestNGClass2"/>
  <testcase name="l" time="0.013" classname="TestSenarios.TestNGClass2"/>
  <testcase name="z" time="0.003" classname="TestSenarios.TestNGClass2"/>
  <testcase name="v" time="0.001" classname="TestSenarios.TestNGClass2"/>
  <testcase name="y" time="0.003" classname="TestSenarios.TestNGClass2"/>
</testsuite> <!-- TestSenarios.TestNGClass2 -->
